<?xml version="1.0" encoding="UTF-8"?>
<!-- Generated by org.testng.reporters.JUnitXMLReporter -->
<testsuite ignored="5" hostname="DESKTOP-2SKV5CV" failures="0" tests="3" name="Test" time="0.307" errors="0" timestamp="2022-06-24T13:23:13 IST">
  <testcase classname="testNG_grouping.MyTestClass2" name="p" time="0.073"/>
  <testcase classname="testNG_grouping.MyTestClass2" name="r" time="0.016"/>
  <testcase classname="testNG_grouping.MyTestClass1" name="c" time="0.015"/>
  <testcase classname="testNG_grouping.MyTestClass2" name="q" time="0.0">
    <ignored/>
  </testcase> <!-- q -->
  <testcase classname="testNG_grouping.MyTestClass1" name="a" time="0.0">
    <ignored/>
  </testcase> <!-- a -->
  <testcase classname="testNG_grouping.MyTestClass1" name="d" time="0.0">
    <ignored/>
  </testcase> <!-- d -->
  <testcase classname="testNG_grouping.MyTestClass2" name="s" time="0.0">
    <ignored/>
  </testcase> <!-- s -->
  <testcase classname="testNG_grouping.MyTestClass1" name="b" time="0.0">
    <ignored/>
  </testcase> <!-- b -->
</testsuite> <!-- Test -->
